<?xml version="1.0" encoding="UTF-8"?>
<testsuite name="Matrix" tests="4" skipped="0" failures="0" errors="0" timestamp="2021-03-29T08:43:43" hostname="DESKTOP-KEARCT6" time="0.71">
  <properties/>
  <testcase name="Determinant" classname="Matrix" time="0.678"/>
  <testcase name="Transpose" classname="Matrix" time="0.012"/>
  <testcase name="Inverse" classname="Matrix" time="0.006"/>
  <testcase name="Cofactor" classname="Matrix" time="0.008"/>
  <system-out><![CDATA[]]></system-out>
  <system-err><![CDATA[]]></system-err>
</testsuite>
